Microsoft (R) Macro Assembler Version 14.29.30137.0	    11/30/21 23:10:43
main.asm						     Page 1 - 1


				.386P
				.model flat

				extern _ExitProcess@4: near
				extern _GetStdHandle@4: near
				extern _WriteConsoleA@20: near
				extern _ReadConsoleA@20: near


 00000000			.data

 00000000 00000003		n		dword		3
 00000004 00000000		prev	dword		0
 00000008 00000001		current	dword		1
 0000000C 00000000		next	dword		0

 00000000			.code

 00000000			main PROC near
 00000000			_main:
					

 00000000  A1 00000000 R		mov eax, n
 00000005  8B 1D 00000004 R		mov ebx, prev
 0000000B  B9 00000001			mov ecx, 1
 00000010  8B 15 00000008 R		mov edx, current
 00000016  8B 35 0000000C R		mov esi, next

 0000001C  83 F8 00			cmp eax, 0
 0000001F  74 0D			je jump0

 00000021				jump:

 00000021  03 DA			add ebx, edx	;add prev and current, store in ebx
 00000023  8B F3			mov esi, ebx	;mov sum of prev and current into next
 00000025  8B DA			mov ebx, edx	;mov current into prev
 00000027  8B D6			mov edx, esi	;mov next into current
 00000029  41				inc ecx			;increment ecx (counter)

 0000002A  3B C8			cmp ecx, eax	;compare counter to n (number entered)
 0000002C  7E F3			jle jump		;jump if counter is less than or equal to n

 0000002E				jump0:

 0000002E  8B C3			mov eax, ebx	;mov final number into eax

 00000030  6A 00			push 0
 00000032  E8 00000000 E		call _ExitProcess@4


 00000037			main ENDP
				END

Microsoft (R) Macro Assembler Version 14.29.30137.0	    11/30/21 23:10:43
main.asm						     Symbols 2 - 1




Segments and Groups:

                N a m e                 Size     Length   Align   Combine Class

FLAT . . . . . . . . . . . . . .	GROUP
_DATA  . . . . . . . . . . . . .	32 Bit	 00000010 Para	  Public  'DATA'	
_TEXT  . . . . . . . . . . . . .	32 Bit	 00000037 Para	  Public  'CODE'	


Procedures, parameters, and locals:

                N a m e                 Type     Value    Attr

main . . . . . . . . . . . . . .	P Near	 00000000 _TEXT	Length= 00000037 Public
  _main  . . . . . . . . . . . .	L Near	 00000000 _TEXT	
  jump . . . . . . . . . . . . .	L Near	 00000021 _TEXT	
  jump0  . . . . . . . . . . . .	L Near	 0000002E _TEXT	


Symbols:

                N a m e                 Type     Value    Attr

@CodeSize  . . . . . . . . . . .	Number	 00000000h   
@DataSize  . . . . . . . . . . .	Number	 00000000h   
@Interface . . . . . . . . . . .	Number	 00000000h   
@Model . . . . . . . . . . . . .	Number	 00000007h   
@code  . . . . . . . . . . . . .	Text   	 _TEXT
@data  . . . . . . . . . . . . .	Text   	 FLAT
@fardata?  . . . . . . . . . . .	Text   	 FLAT
@fardata . . . . . . . . . . . .	Text   	 FLAT
@stack . . . . . . . . . . . . .	Text   	 FLAT
_ExitProcess@4 . . . . . . . . .	L Near	 00000000 FLAT	External
_GetStdHandle@4  . . . . . . . .	L Near	 00000000 FLAT	External
_ReadConsoleA@20 . . . . . . . .	L Near	 00000000 FLAT	External
_WriteConsoleA@20  . . . . . . .	L Near	 00000000 FLAT	External
current  . . . . . . . . . . . .	DWord	 00000008 _DATA	
next . . . . . . . . . . . . . .	DWord	 0000000C _DATA	
n  . . . . . . . . . . . . . . .	DWord	 00000000 _DATA	
prev . . . . . . . . . . . . . .	DWord	 00000004 _DATA	

	   0 Warnings
	   0 Errors
